Tue Jun  2 00:44:51 UTC 2026: Changes detected, processing...
Tue Jun  2 00:46:27 UTC 2026: Changes detected, processing...
Tue Jun  2 00:46:28 UTC 2026: Modified: 9, Untracked: 1848
Tue Jun  2 00:46:28 UTC 2026: Committed 11 new file(s)
Tue Jun  2 00:47:49 UTC 2026: Changes detected, processing...
Tue Jun  2 00:47:49 UTC 2026: Modified: 1, Untracked: 1944
Tue Jun  2 00:47:50 UTC 2026: Committed 2 new file(s)
remote: Invalid username or token. Password authentication is not supported for Git operations.
fatal: Authentication failed for 'https://github.com/naksh-atra/Tx-grid.git/'
Tue Jun  2 00:47:51 UTC 2026: Pushed 1 commit(s) to dev
Tue Jun  2 00:47:52 UTC 2026: PR creation failed (HTTP 403): Resource not accessible by personal access token
Tue Jun  2 00:47:52 UTC 2026: Done.
Tue Jun  2 00:55:43 UTC 2026: Changes detected: modified=1, untracked=57
Tue Jun  2 00:55:43 UTC 2026: Committed untracked: bug_report.md
Tue Jun  2 00:55:43 UTC 2026: Committed untracked: feature_request.md
Tue Jun  2 00:55:43 UTC 2026: Committed untracked: dependabot.yml
Tue Jun  2 00:55:43 UTC 2026: Committed untracked: pull_request_template.md
Tue Jun  2 00:55:44 UTC 2026: Committed untracked: ci.yml
Tue Jun  2 00:55:44 UTC 2026: Committed untracked: quality.yml
Tue Jun  2 00:55:44 UTC 2026: Committed untracked: release.yml
Tue Jun  2 00:55:44 UTC 2026: Committed untracked: .gitignore
Tue Jun  2 00:55:45 UTC 2026: Committed untracked: CHANGELOG.md
Tue Jun  2 00:55:45 UTC 2026: Committed untracked: CODE_OF_CONDUCT.md
Tue Jun  2 00:55:45 UTC 2026: Committed untracked: CONTRIBUTING.md
Tue Jun  2 00:55:45 UTC 2026: Committed untracked: Cargo.toml
Tue Jun  2 00:55:46 UTC 2026: Committed untracked: LICENSE
Tue Jun  2 00:55:46 UTC 2026: Committed untracked: architecture.md
Tue Jun  2 00:55:46 UTC 2026: Committed untracked: configuration.md
Tue Jun  2 00:55:46 UTC 2026: Committed untracked: decision-log.md
Tue Jun  2 00:55:47 UTC 2026: Committed untracked: keybindings.md
Tue Jun  2 00:55:47 UTC 2026: Committed untracked: manual-test-plan.md
Tue Jun  2 00:55:47 UTC 2026: Committed untracked: problem-statement.md
Tue Jun  2 00:55:47 UTC 2026: Committed untracked: product-scope.md
Tue Jun  2 00:55:48 UTC 2026: Committed untracked: release-checklist.md
Tue Jun  2 00:55:48 UTC 2026: Committed untracked: risks.md
Tue Jun  2 00:55:48 UTC 2026: Committed untracked: testing.md
Tue Jun  2 00:55:49 UTC 2026: Committed untracked: troubleshooting.md
Tue Jun  2 00:55:49 UTC 2026: Committed untracked: user-personas.md
Tue Jun  2 00:55:49 UTC 2026: Committed untracked: ux-contract.md
Tue Jun  2 00:55:49 UTC 2026: Committed untracked: github_finegrainedtoken.txt
Tue Jun  2 00:55:50 UTC 2026: Committed untracked: hermes_overnight_workflow_instructions.md
Tue Jun  2 00:55:50 UTC 2026: Committed untracked: tmux-taskgrid-spec-v3.md
Tue Jun  2 00:55:50 UTC 2026: Committed untracked: rustfmt.toml
Tue Jun  2 00:55:51 UTC 2026: Committed untracked: dev-fixture-session.sh
Tue Jun  2 00:55:51 UTC 2026: Committed untracked: install.sh
Tue Jun  2 00:55:51 UTC 2026: Committed untracked: open_taskgrid.sh
Tue Jun  2 00:55:51 UTC 2026: Committed untracked: taskgrid.tmux
Tue Jun  2 00:55:52 UTC 2026: Committed untracked: test-e2e.sh
Tue Jun  2 00:55:52 UTC 2026: Committed untracked: txgrid_auto_sync.sh
Tue Jun  2 00:55:52 UTC 2026: Committed untracked: cli.rs
Tue Jun  2 00:55:53 UTC 2026: Committed untracked: config.rs
Tue Jun  2 00:55:53 UTC 2026: Committed untracked: errors.rs
Tue Jun  2 00:55:53 UTC 2026: Committed untracked: logging.rs
Tue Jun  2 00:55:54 UTC 2026: Committed untracked: main.rs
Tue Jun  2 00:55:54 UTC 2026: Committed untracked: mod.rs
Tue Jun  2 00:55:54 UTC 2026: Committed untracked: pane.rs
Tue Jun  2 00:55:55 UTC 2026: Committed untracked: process.rs
Tue Jun  2 00:55:55 UTC 2026: Committed untracked: task.rs
Tue Jun  2 00:55:56 UTC 2026: Committed untracked: mod.rs
Tue Jun  2 00:55:56 UTC 2026: Committed untracked: process_service.rs
Tue Jun  2 00:55:56 UTC 2026: Committed untracked: task_service.rs
Tue Jun  2 00:55:57 UTC 2026: Committed untracked: tmux_service.rs
Tue Jun  2 00:55:57 UTC 2026: Committed untracked: events.rs
Tue Jun  2 00:55:57 UTC 2026: Committed untracked: layout.rs
Tue Jun  2 00:55:58 UTC 2026: Committed untracked: mod.rs
Tue Jun  2 00:55:58 UTC 2026: Committed untracked: render.rs
Tue Jun  2 00:55:58 UTC 2026: Committed untracked: state.rs
Tue Jun  2 00:55:59 UTC 2026: Committed untracked: format.rs
Tue Jun  2 00:55:59 UTC 2026: Committed untracked: mod.rs
Tue Jun  2 00:55:59 UTC 2026: Committed untracked: parse.rs
Tue Jun  2 00:56:00 UTC 2026: Committed: feat: update README.md
Tue Jun  2 00:57:21 UTC 2026: Pushed 58 commit(s) to dev: To github.com:naksh-atra/Tx-grid.git
   d813a9b..266b87d  dev -> dev
